<?xml version="1.0" encoding="UTF-8"?>
<!-- Generated by org.testng.reporters.JUnitXMLReporter -->
<testsuite ignored="0" hostname="Sivam" failures="2" tests="8" name="Test" time="0.094" errors="0" timestamp="2023-07-16T18:39:29 IST">
  <testcase classname="executionPack.ListenerTest" name="listnerTestExample" time="0.015">
    <skipped/>
  </testcase> <!-- listnerTestExample -->
  <testcase classname="executionPack.ListenerTest" name="listnerTestExample" time="0.001">
    <skipped/>
  </testcase> <!-- listnerTestExample -->
  <testcase classname="executionPack.ListenerTest" name="listnerTestExample" time="0.002">
    <skipped/>
  </testcase> <!-- listnerTestExample -->
  <testcase classname="executionPack.ListenerTest" name="listnerTestExample" time="0.002">
    <failure type="java.lang.AssertionError" message="expected [true] but found [false]">
      <![CDATA[java.lang.AssertionError: expected [true] but found [false]
at executionPack.ListenerTest.listnerTestExample(ListenerTest.java:12)
at java.base/java.util.ArrayList.forEach(ArrayList.java:1511)
... Removed 31 stack frames]]>
    </failure>
  </testcase> <!-- listnerTestExample -->
  <testcase classname="executionPack.ListenerTest" name="listnerTestExample2" time="0.003">
    <skipped/>
  </testcase> <!-- listnerTestExample2 -->
  <testcase classname="executionPack.ListenerTest" name="listnerTestExample2" time="0.0">
    <skipped/>
  </testcase> <!-- listnerTestExample2 -->
  <testcase classname="executionPack.ListenerTest" name="listnerTestExample2" time="0.0">
    <skipped/>
  </testcase> <!-- listnerTestExample2 -->
  <testcase classname="executionPack.ListenerTest" name="listnerTestExample2" time="0.001">
    <failure type="java.lang.AssertionError" message="expected [true] but found [false]">
      <![CDATA[java.lang.AssertionError: expected [true] but found [false]
at executionPack.ListenerTest.listnerTestExample2(ListenerTest.java:25)
at java.base/java.util.ArrayList.forEach(ArrayList.java:1511)
... Removed 31 stack frames]]>
    </failure>
  </testcase> <!-- listnerTestExample2 -->
</testsuite> <!-- Test -->
