<?xml version="1.0" encoding="UTF-8"?>
<!-- Generated by org.testng.reporters.JUnitXMLReporter -->
<testsuite ignored="15" hostname="Sivam" failures="0" tests="4" name="Test case" time="0.05" errors="0" timestamp="2023-07-09T19:16:25 IST">
  <testcase classname="executionPack.TestExe" name="two" time="0.007"/>
  <testcase classname="executionPack.GroupingExample" name="apple1" time="0.002"/>
  <testcase classname="executionPack.GroupingExample" name="apple2" time="0.002"/>
  <testcase classname="executionPack.GroupingExample" name="apple3" time="0.0"/>
  <testcase classname="executionPack.GroupingExample" name="moto3" time="0.0">
    <ignored/>
  </testcase> <!-- moto3 -->
  <testcase classname="executionPack.GroupingExample" name="moto1" time="0.0">
    <ignored/>
  </testcase> <!-- moto1 -->
  <testcase classname="executionPack.TestCase" name="wickie" time="0.0">
    <ignored/>
  </testcase> <!-- wickie -->
  <testcase classname="executionPack.TestCase" name="bing" time="0.0">
    <ignored/>
  </testcase> <!-- bing -->
  <testcase classname="executionPack.PriorityExample" name="thirdGear" time="0.0">
    <ignored/>
  </testcase> <!-- thirdGear -->
  <testcase classname="executionPack.PriorityExample" name="secondGear" time="0.0">
    <ignored/>
  </testcase> <!-- secondGear -->
  <testcase classname="executionPack.PriorityExample" name="firstGear" time="0.0">
    <ignored/>
  </testcase> <!-- firstGear -->
  <testcase classname="executionPack.TestCase" name="google" time="0.0">
    <ignored/>
  </testcase> <!-- google -->
  <testcase classname="executionPack.DependenciesManagementExample" name="highSecondarySchool" time="0.0">
    <ignored/>
  </testcase> <!-- highSecondarySchool -->
  <testcase classname="executionPack.DependenciesManagementExample" name="highSchool" time="0.0">
    <ignored/>
  </testcase> <!-- highSchool -->
  <testcase classname="executionPack.PriorityExample" name="turnedOnMusic" time="0.0">
    <ignored/>
  </testcase> <!-- turnedOnMusic -->
  <testcase classname="executionPack.PriorityExample" name="startTheCar" time="0.0">
    <ignored/>
  </testcase> <!-- startTheCar -->
  <testcase classname="executionPack.DependenciesManagementExample" name="arstsandScienceCollege" time="0.0">
    <ignored/>
  </testcase> <!-- arstsandScienceCollege -->
  <testcase classname="executionPack.TestExe" name="one" time="0.0">
    <ignored/>
  </testcase> <!-- one -->
  <testcase classname="executionPack.GroupingExample" name="moto2" time="0.0">
    <ignored/>
  </testcase> <!-- moto2 -->
</testsuite> <!-- Test case -->
