<?xml version="1.0" encoding="UTF-8"?>
<!-- Generated by org.testng.reporters.JUnitXMLReporter -->
<testsuite ignored="0" hostname="Sivam" failures="1" tests="1" name="Test(failed)" time="0.062" errors="0" timestamp="2023-07-16T18:13:35 IST">
  <testcase classname="executionPack.ListenerTest" name="listnerTestExample" time="0.012">
    <failure type="java.lang.AssertionError" message="expected [true] but found [false]">
      <![CDATA[java.lang.AssertionError: expected [true] but found [false]
at executionPack.ListenerTest.listnerTestExample(ListenerTest.java:12)
at java.base/java.util.ArrayList.forEach(ArrayList.java:1511)
... Removed 31 stack frames]]>
    </failure>
  </testcase> <!-- listnerTestExample -->
</testsuite> <!-- Test(failed) -->
