<?xml version="1.0" encoding="UTF-8"?>
<testng-results ignored="1" total="2" passed="1" failed="0" skipped="0">
  <reporter-output>
  </reporter-output>
  <suite started-at="2023-07-28T08:12:02 IST" name="Default suite" finished-at="2023-07-28T08:12:03 IST" duration-ms="412">
    <groups>
      <group name="regerssion">
        <method signature="TestExe.one()[pri:0, instance:executionPack.TestExe@13b13b5d]" name="one" class="executionPack.TestExe"/>
      </group> <!-- regerssion -->
    </groups>
    <test started-at="2023-07-28T08:12:02 IST" name="Default test" finished-at="2023-07-28T08:12:03 IST" duration-ms="412">
      <class name="executionPack.TestExe">
        <test-method signature="one()[pri:0, instance:executionPack.TestExe@13b13b5d]" started-at="2023-07-28T08:12:02 IST" name="one" finished-at="2023-07-28T08:12:03 IST" duration-ms="385" status="PASS">
          <reporter-output>
          </reporter-output>
        </test-method> <!-- one -->
      </class> <!-- executionPack.TestExe -->
    </test> <!-- Default test -->
  </suite> <!-- Default suite -->
</testng-results>
